  1102_jungol.c
  1161_jungol.c
C:\algorithm_jungol\Project1\Project1\1102_jungol.c(6,5): error C4996: 'scanf': This function or variable may be unsafe. Consider using scanf_s instead. To disable deprecation, use _CRT_SECURE_NO_WARNINGS. See online help for details.
C:\algorithm_jungol\Project1\Project1\1102_jungol.c(11,9): error C4996: 'scanf': This function or variable may be unsafe. Consider using scanf_s instead. To disable deprecation, use _CRT_SECURE_NO_WARNINGS. See online help for details.
C:\algorithm_jungol\Project1\Project1\1102_jungol.c(14,13): error C4996: 'scanf': This function or variable may be unsafe. Consider using scanf_s instead. To disable deprecation, use _CRT_SECURE_NO_WARNINGS. See online help for details.
C:\algorithm_jungol\Project1\Project1\1161_jungol.c(14,5): error C4996: 'scanf': This function or variable may be unsafe. Consider using scanf_s instead. To disable deprecation, use _CRT_SECURE_NO_WARNINGS. See online help for details.
  1169_jungol.c
C:\algorithm_jungol\Project1\Project1\1169_jungol.c(47,5): error C4996: 'scanf': This function or variable may be unsafe. Consider using scanf_s instead. To disable deprecation, use _CRT_SECURE_NO_WARNINGS. See online help for details.
  1175_jungol.c
C:\algorithm_jungol\Project1\Project1\1175_jungol.c(25,5): error C4996: 'scanf': This function or variable may be unsafe. Consider using scanf_s instead. To disable deprecation, use _CRT_SECURE_NO_WARNINGS. See online help for details.
  1291_jungol.c
C:\algorithm_jungol\Project1\Project1\1291_jungol.c(5,5): error C4996: 'scanf': This function or variable may be unsafe. Consider using scanf_s instead. To disable deprecation, use _CRT_SECURE_NO_WARNINGS. See online help for details.
C:\algorithm_jungol\Project1\Project1\1291_jungol.c(8,9): error C4996: 'scanf': This function or variable may be unsafe. Consider using scanf_s instead. To disable deprecation, use _CRT_SECURE_NO_WARNINGS. See online help for details.
  1733_jungol.c
C:\algorithm_jungol\Project1\Project1\1733_jungol.c(39,9): error C4996: 'scanf': This function or variable may be unsafe. Consider using scanf_s instead. To disable deprecation, use _CRT_SECURE_NO_WARNINGS. See online help for details.
  1997_jungol.c
C:\algorithm_jungol\Project1\Project1\1997_jungol.c(6,5): error C4996: 'scanf': This function or variable may be unsafe. Consider using scanf_s instead. To disable deprecation, use _CRT_SECURE_NO_WARNINGS. See online help for details.
  2259.c
C:\algorithm_jungol\Project1\Project1\2259.c(2,1): error C2059: 구문 오류: '}'
  2259_jungol.c
C:\algorithm_jungol\Project1\Project1\2259_jungol.c(6,5): error C4996: 'scanf': This function or variable may be unsafe. Consider using scanf_s instead. To disable deprecation, use _CRT_SECURE_NO_WARNINGS. See online help for details.
C:\algorithm_jungol\Project1\Project1\2259_jungol.c(11,9): error C4996: 'scanf': This function or variable may be unsafe. Consider using scanf_s instead. To disable deprecation, use _CRT_SECURE_NO_WARNINGS. See online help for details.
C:\algorithm_jungol\Project1\Project1\2259_jungol.c(8,14): warning C4101: 'len' :참조되지 않은 지역 변수입니다.
C:\algorithm_jungol\Project1\Project1\2259_jungol.c(8,9): warning C4101: 'dir' :참조되지 않은 지역 변수입니다.
  2514_jungol.c
C:\algorithm_jungol\Project1\Project1\2514_jungol.c(6,5): error C4996: 'scanf': This function or variable may be unsafe. Consider using scanf_s instead. To disable deprecation, use _CRT_SECURE_NO_WARNINGS. See online help for details.
C:\algorithm_jungol\Project1\Project1\2514_jungol.c(7,15): warning C4267: '초기화 중': 'size_t'에서 'int'(으)로 변환하면서 데이터가 손실될 수 있습니다.
  2813_jungol.c
C:\algorithm_jungol\Project1\Project1\2813_jungol.c(7,5): error C4996: 'scanf': This function or variable may be unsafe. Consider using scanf_s instead. To disable deprecation, use _CRT_SECURE_NO_WARNINGS. See online help for details.
  2817_jungol.c
C:\algorithm_jungol\Project1\Project1\2817_jungol.c(25,5): error C4996: 'scanf': This function or variable may be unsafe. Consider using scanf_s instead. To disable deprecation, use _CRT_SECURE_NO_WARNINGS. See online help for details.
C:\algorithm_jungol\Project1\Project1\2817_jungol.c(27,9): error C4996: 'scanf': This function or variable may be unsafe. Consider using scanf_s instead. To disable deprecation, use _CRT_SECURE_NO_WARNINGS. See online help for details.
  3427_jungol.c
C:\algorithm_jungol\Project1\Project1\3427_jungol.c(7,5): error C4996: 'scanf': This function or variable may be unsafe. Consider using scanf_s instead. To disable deprecation, use _CRT_SECURE_NO_WARNINGS. See online help for details.
C:\algorithm_jungol\Project1\Project1\3427_jungol.c(12,5): error C4996: 'scanf': This function or variable may be unsafe. Consider using scanf_s instead. To disable deprecation, use _CRT_SECURE_NO_WARNINGS. See online help for details.
  8129_jungol.c
C:\algorithm_jungol\Project1\Project1\8129_jungol.c(32,5): error C4996: 'scanf': This function or variable may be unsafe. Consider using scanf_s instead. To disable deprecation, use _CRT_SECURE_NO_WARNINGS. See online help for details.
C:\algorithm_jungol\Project1\Project1\8129_jungol.c(35,9): error C4996: 'scanf': This function or variable may be unsafe. Consider using scanf_s instead. To disable deprecation, use _CRT_SECURE_NO_WARNINGS. See online help for details.
  s.c
  코드를 생성하고 있습니다...
